<?xml version="1.0" encoding="UTF-8"?>
<!-- Generated by org.testng.reporters.JUnitReportReporter -->
<testsuite hostname="LAPTOP-NB0U6T1G" failures="0" tests="1" name="launch.launchBrowser" time="8.143" errors="0" timestamp="2024-04-28T11:17:49 IST" skipped="0">
  <testcase classname="launch.launchBrowser" name="launch" time="8.143"/>
  <system-out/>
</testsuite> <!-- launch.launchBrowser -->
